
4월 26, 2022 16:35:02.898 NEW SESSION
4월 26, 2022 16:35:02.898 [5600:2924:0426/163502.800:ERROR:device_event_log_impl.cc(214)] [16:35:02.801] USB: usb_device_handle_win.cc:1049 Failed to read descriptor from node connection: 시스템에 부착된 장치가 작동하지 않습니다. (0x1F)
4월 26, 2022 16:35:02.899 [5600:2924:0426/163502.801:ERROR:device_event_log_impl.cc(214)] [16:35:02.802] USB: usb_device_handle_win.cc:1049 Failed to read descriptor from node connection: 시스템에 부착된 장치가 작동하지 않습니다. (0x1F)
4월 26, 2022 16:36:00.481 [5600:7968:0426/163600.481:ERROR:util.cc(126)] Can't create base directory: C:\Program Files\Google\GoogleUpdater
4월 26, 2022 16:37:09.195 [7988:13388:0426/163709.195:ERROR:device_event_log_impl.cc(214)] [16:37:09.195] USB: usb_device_handle_win.cc:1049 Failed to read descriptor from node connection: 시스템에 부착된 장치가 작동하지 않습니다. (0x1F)
4월 26, 2022 16:37:09.196 [7988:13388:0426/163709.195:ERROR:device_event_log_impl.cc(214)] [16:37:09.196] USB: usb_device_handle_win.cc:1049 Failed to read descriptor from node connection: 시스템에 부착된 장치가 작동하지 않습니다. (0x1F)
4월 26, 2022 16:38:06.940 [7988:8936:0426/163806.939:ERROR:util.cc(126)] Can't create base directory: C:\Program Files\Google\GoogleUpdater

4월 27, 2022 09:12:21.390 NEW SESSION
4월 27, 2022 09:12:21.390 [10196:9340:0427/091221.389:ERROR:device_event_log_impl.cc(214)] [09:12:21.390] USB: usb_device_handle_win.cc:1049 Failed to read descriptor from node connection: 시스템에 부착된 장치가 작동하지 않습니다. (0x1F)
4월 27, 2022 09:12:21.495 [10196:9340:0427/091221.390:ERROR:device_event_log_impl.cc(214)] [09:12:21.391] USB: usb_device_handle_win.cc:1049 Failed to read descriptor from node connection: 시스템에 부착된 장치가 작동하지 않습니다. (0x1F)
4월 27, 2022 09:22:06.308 [14184:4476:0427/092206.308:ERROR:device_event_log_impl.cc(214)] [09:22:06.308] USB: usb_device_handle_win.cc:1049 Failed to read descriptor from node connection: 시스템에 부착된 장치가 작동하지 않습니다. (0x1F)
4월 27, 2022 09:22:06.309 [14184:4476:0427/092206.309:ERROR:device_event_log_impl.cc(214)] [09:22:06.309] USB: usb_device_handle_win.cc:1049 Failed to read descriptor from node connection: 시스템에 부착된 장치가 작동하지 않습니다. (0x1F)
4월 27, 2022 12:22:52.976 [8596:1208:0427/122252.976:ERROR:device_event_log_impl.cc(214)] [12:22:52.976] USB: usb_device_handle_win.cc:1049 Failed to read descriptor from node connection: 시스템에 부착된 장치가 작동하지 않습니다. (0x1F)
4월 27, 2022 12:22:52.977 [8596:1208:0427/122252.977:ERROR:device_event_log_impl.cc(214)] [12:22:52.977] USB: usb_device_handle_win.cc:1049 Failed to read descriptor from node connection: 시스템에 부착된 장치가 작동하지 않습니다. (0x1F)
4월 27, 2022 12:23:45.22 [8596:10304:0427/122345.022:ERROR:util.cc(126)] Can't create base directory: C:\Program Files\Google\GoogleUpdater
4월 27, 2022 12:30:17.773 [8596:1208:0427/123017.772:ERROR:interface_endpoint_client.cc(659)] Message 0 rejected by interface blink.mojom.WidgetHost
4월 27, 2022 12:37:37.636 [8596:1208:0427/123737.636:ERROR:interface_endpoint_client.cc(659)] Message 1 rejected by interface blink.mojom.WidgetHost
4월 27, 2022 12:37:37.636 [8596:1208:0427/123737.636:ERROR:interface_endpoint_client.cc(659)] Message 1 rejected by interface blink.mojom.WidgetHost
4월 27, 2022 12:48:03.957 [764:1736:0427/124803.957:ERROR:device_event_log_impl.cc(214)] [12:48:03.957] USB: usb_device_handle_win.cc:1049 Failed to read descriptor from node connection: 시스템에 부착된 장치가 작동하지 않습니다. (0x1F)
4월 27, 2022 12:48:03.958 [764:1736:0427/124803.958:ERROR:device_event_log_impl.cc(214)] [12:48:03.958] USB: usb_device_handle_win.cc:1049 Failed to read descriptor from node connection: 시스템에 부착된 장치가 작동하지 않습니다. (0x1F)
4월 27, 2022 12:49:01.309 [764:4580:0427/124901.309:ERROR:util.cc(126)] Can't create base directory: C:\Program Files\Google\GoogleUpdater
4월 27, 2022 12:49:33.914 [764:8640:0427/124933.913:ERROR:database.cc(1782)] Passwords SQLite error: code 2067 errno 0: UNIQUE constraint failed: logins.origin_url, logins.username_element, logins.username_value, logins.password_element, logins.signon_realm sql: INSERT INTO logins (origin_url, action_url, username_element, username_value, password_element, password_value, submit_element, signon_realm, date_created, blacklisted_by_user, scheme, password_type, times_used, form_data, display_name, icon_url, federation_url, skip_zero_click, generation_upload_status, possible_username_pairs, id, date_last_used, moving_blocked_for, date_password_modified) VALUES (?,?,?,?,?,?,?,?,?,?,?,?,?,?,?,?,?,?,?,?,?,?,?,?)
4월 27, 2022 14:40:45.222 [12800:880:0427/144045.222:ERROR:device_event_log_impl.cc(214)] [14:40:45.222] USB: usb_device_handle_win.cc:1049 Failed to read descriptor from node connection: 시스템에 부착된 장치가 작동하지 않습니다. (0x1F)
4월 27, 2022 14:40:45.222 [12800:880:0427/144045.222:ERROR:device_event_log_impl.cc(214)] [14:40:45.222] USB: usb_device_handle_win.cc:1049 Failed to read descriptor from node connection: 시스템에 부착된 장치가 작동하지 않습니다. (0x1F)
4월 27, 2022 14:41:43.02 [12800:11884:0427/144143.002:ERROR:util.cc(126)] Can't create base directory: C:\Program Files\Google\GoogleUpdater
4월 27, 2022 14:45:26.647 [12800:11060:0427/144526.647:ERROR:connection_factory_impl.cc(425)] Failed to connect to MCS endpoint with error -106
